<?xml version="1.0" encoding="UTF-8"?>
<!-- Generated by org.testng.reporters.JUnitReportReporter -->
<testsuite skipped="0" hostname="Deepak-PC" name="webDriver.POM_TC001" tests="1" failures="0" timestamp="28 Oct 2017 17:33:48 GMT" time="16.477" errors="0">
  <testcase name="test1" time="16.477" classname="webDriver.POM_TC001"/>
</testsuite> <!-- webDriver.POM_TC001 -->
